{"timestamp":"2025-11-25 14:53:15","level":"info","context":"NestFactory","message":"Starting Nest application..."}
{"timestamp":"2025-11-25 14:53:15","level":"info","context":"InstanceLoader","message":"LoggerModule dependencies initialized"}
{"timestamp":"2025-11-25 14:53:15","level":"info","context":"InstanceLoader","message":"DatabaseModule dependencies initialized"}
{"timestamp":"2025-11-25 14:53:15","level":"info","context":"InstanceLoader","message":"ConfigHostModule dependencies initialized"}
{"timestamp":"2025-11-25 14:53:15","level":"info","context":"InstanceLoader","message":"WinstonModule dependencies initialized"}
{"timestamp":"2025-11-25 14:53:15","level":"info","context":"InstanceLoader","message":"AppModule dependencies initialized"}
{"timestamp":"2025-11-25 14:53:15","level":"info","context":"InstanceLoader","message":"ConfigModule dependencies initialized"}
{"timestamp":"2025-11-25 14:53:15","level":"info","context":"RoutesResolver","message":"AppController {/}:"}
{"timestamp":"2025-11-25 14:53:15","level":"info","context":"RouterExplorer","message":"Mapped {/, GET} route"}
{"timestamp":"2025-11-25 14:53:15","level":"info","context":"NestApplication","message":"Nest application successfully started"}
{"timestamp":"2025-11-25 14:53:15","level":"info","context":"Bootstrap","message":"🚀 Server running on http://localhost:4000"}
{"timestamp":"2025-11-25 14:53:33","level":"warn","context":"HTTP","message":"GET /favicon.ico 404 1ms","method":"GET","url":"/favicon.ico","statusCode":404,"duration":1,"contentLength":"74","ip":"::1","userAgent":"Mozilla/5.0 (Windows NT 10.0; Win64; x64) AppleWebKit/537.36 (KHTML, like Gecko) Chrome/142.0.0.0 Safari/537.36"}
{"timestamp":"2025-11-25 14:53:47","level":"info","context":"NestFactory","message":"Starting Nest application..."}
{"timestamp":"2025-11-25 14:53:47","level":"info","context":"InstanceLoader","message":"LoggerModule dependencies initialized"}
{"timestamp":"2025-11-25 14:53:47","level":"info","context":"InstanceLoader","message":"DatabaseModule dependencies initialized"}
{"timestamp":"2025-11-25 14:53:47","level":"info","context":"InstanceLoader","message":"ConfigHostModule dependencies initialized"}
{"timestamp":"2025-11-25 14:53:47","level":"info","context":"InstanceLoader","message":"WinstonModule dependencies initialized"}
{"timestamp":"2025-11-25 14:53:47","level":"info","context":"InstanceLoader","message":"AppModule dependencies initialized"}
{"timestamp":"2025-11-25 14:53:47","level":"info","context":"InstanceLoader","message":"ConfigModule dependencies initialized"}
{"timestamp":"2025-11-25 14:53:47","level":"info","context":"RoutesResolver","message":"AppController {/}:"}
{"timestamp":"2025-11-25 14:53:47","level":"info","context":"RouterExplorer","message":"Mapped {/, GET} route"}
{"timestamp":"2025-11-25 14:53:47","level":"info","context":"NestApplication","message":"Nest application successfully started"}
{"timestamp":"2025-11-25 14:53:47","level":"info","context":"Bootstrap","message":"🚀 Server running on http://localhost:4000"}
{"timestamp":"2025-11-25 14:54:57","level":"info","context":"NestFactory","message":"Starting Nest application..."}
{"timestamp":"2025-11-25 14:54:57","level":"info","context":"InstanceLoader","message":"LoggerModule dependencies initialized"}
{"timestamp":"2025-11-25 14:54:57","level":"info","context":"InstanceLoader","message":"DatabaseModule dependencies initialized"}
{"timestamp":"2025-11-25 14:54:57","level":"info","context":"InstanceLoader","message":"ConfigHostModule dependencies initialized"}
{"timestamp":"2025-11-25 14:54:57","level":"info","context":"InstanceLoader","message":"WinstonModule dependencies initialized"}
{"timestamp":"2025-11-25 14:54:57","level":"info","context":"InstanceLoader","message":"AppModule dependencies initialized"}
{"timestamp":"2025-11-25 14:54:57","level":"info","context":"InstanceLoader","message":"ConfigModule dependencies initialized"}
{"timestamp":"2025-11-25 14:54:57","level":"info","context":"RoutesResolver","message":"AppController {/}:"}
{"timestamp":"2025-11-25 14:54:57","level":"info","context":"RouterExplorer","message":"Mapped {/, GET} route"}
{"timestamp":"2025-11-25 14:54:57","level":"info","context":"NestApplication","message":"Nest application successfully started"}
{"timestamp":"2025-11-25 14:54:57","level":"info","context":"Bootstrap","message":"🚀 Server running on http://localhost:4000"}
{"timestamp":"2025-11-25 14:59:52","level":"info","context":"NestFactory","message":"Starting Nest application..."}
{"timestamp":"2025-11-25 14:59:52","level":"info","context":"InstanceLoader","message":"LoggerModule dependencies initialized"}
{"timestamp":"2025-11-25 14:59:52","level":"info","context":"InstanceLoader","message":"DatabaseModule dependencies initialized"}
{"timestamp":"2025-11-25 14:59:52","level":"info","context":"InstanceLoader","message":"ConfigHostModule dependencies initialized"}
{"timestamp":"2025-11-25 14:59:52","level":"info","context":"InstanceLoader","message":"WinstonModule dependencies initialized"}
{"timestamp":"2025-11-25 14:59:52","level":"info","context":"InstanceLoader","message":"AppModule dependencies initialized"}
{"timestamp":"2025-11-25 14:59:52","level":"info","context":"InstanceLoader","message":"ConfigModule dependencies initialized"}
{"timestamp":"2025-11-25 14:59:52","level":"info","context":"RoutesResolver","message":"AppController {/}:"}
{"timestamp":"2025-11-25 14:59:52","level":"info","context":"RouterExplorer","message":"Mapped {/, GET} route"}
{"timestamp":"2025-11-25 14:59:52","level":"info","context":"NestApplication","message":"Nest application successfully started"}
{"timestamp":"2025-11-25 14:59:52","level":"info","context":"Bootstrap","message":"🚀 Server running on http://localhost:4000"}
